From: franchising@gmail.com
To: k o m i v a @ b k . r u 
Регистрация
Для подтверждения регистрации пройдите по ссылке.
<a href='localhost:8000/confirm/'>localhost:8000/confirm/</a>
------------------------------------
From: franchising@gmail.com
To: k o m i v a @ b k . r u 
Регистрация
Для подтверждения регистрации пройдите по ссылке.
<a href='localhost:8000/confirm/'>localhost:8000/confirm/</a>
------------------------------------
From: franchising@gmail.com
To: k o o k @ b k . r u 
Регистрация
Для подтверждения регистрации пройдите по ссылке.
<a href='localhost:8000/confirm/127ba0de0d6cbc81cedd821d0f2226fa9c7615e1acba5984b59b961ea727907332f6070a4b5e0cd22190c9f6878fbdd9ba2e02e6f1a513d309a797ca9cfb2683'>localhost:8000/confirm/127ba0de0d6cbc81cedd821d0f2226fa9c7615e1acba5984b59b961ea727907332f6070a4b5e0cd22190c9f6878fbdd9ba2e02e6f1a513d309a797ca9cfb2683</a>
------------------------------------
From: franchising@gmail.com
To: k o m i v a @ b k . r u 
Регистрация
Для подтверждения регистрации пройдите по ссылке.
<a href='localhost:8000/registration/confirm/41265c0aa6b22bb4cc397961089c2e371bd6bdef128f6fc3d0c21e6dc2abf21e5ba854f2a9abfc9ad45f7de24b42430eda8678996551b7d81fbf3d06fca7bdac'>localhost:8000/registration/confirm/41265c0aa6b22bb4cc397961089c2e371bd6bdef128f6fc3d0c21e6dc2abf21e5ba854f2a9abfc9ad45f7de24b42430eda8678996551b7d81fbf3d06fca7bdac</a>
------------------------------------
From: franchising@gmail.com
To: k o o k @ b k . r u 
Регистрация
Для подтверждения регистрации пройдите по ссылке.
<a href='localhost:8000/registration/confirm/8f024b9e4f8142b222f2ac18586d4898ce0f1fdf65fe43e9745dca2f50a008df3210d942a52d1d2e7c472d4bd7d1f9c6e2430a7c18c60798b5b9ab566f989613'>localhost:8000/registration/confirm/8f024b9e4f8142b222f2ac18586d4898ce0f1fdf65fe43e9745dca2f50a008df3210d942a52d1d2e7c472d4bd7d1f9c6e2430a7c18c60798b5b9ab566f989613</a>
------------------------------------
From: franchising@gmail.com
To: K o m d d @ m a i l . r u 
Регистрация
Для подтверждения регистрации пройдите по ссылке.
<a href='localhost:8000/registration/confirm/c4d7c66b55225d4af6981578bf791b483d86c40de6420a13af75c997cace97cd31837c3c0c56c117644b2701c17aa04a41535a37b94af973ff75a4caf929c6ec'>localhost:8000/registration/confirm/c4d7c66b55225d4af6981578bf791b483d86c40de6420a13af75c997cace97cd31837c3c0c56c117644b2701c17aa04a41535a37b94af973ff75a4caf929c6ec</a>
------------------------------------
From: example@site.com
To: d e n 2 1 8 d e n @ b k . r u 
Регистрация

------------------------------------
From: example@site.com
To: d e n 2 1 8 d e n @ b k . r u 
Регистрация
5cac3bf8b1908e551855a486c7d92a7b6a6cf17d2cab2ea327ed11ba7e64401a49f3c0d000f21cf16ea738a9cc76fb84a05a121710984c0093ffbe01b0945546
------------------------------------
From: example@site.com
To: d e n 2 1 8 d e n @ b k . r u 
Регистрация
c1186355d9f04be82287ca505997e9da6d9755d3fcd5a460f3bb2b6594549635151878c2e8ca2d125f25020e2663e8baf0654fe10be6c206216b19ff04635040
------------------------------------
From: example@site.com
To: d e n 2 1 8 d e n @ b k . r u 
Регистрация
017914178bb6acc39b746c826d767d434a1690aa554a4b195f70dcd183ec3cddb992ba7efc94f51a9ee7c15d4bb0caf80bab16b4d2b932fecd0d270cbe4f6e9e
------------------------------------
From: example@site.com
To: d e n 2 1 8 d e n @ b k . r u 
Регистрация
adca48e8c2f9d76b3914c4238884a400b9d7e7b643310da32728169e5970d9b5822f04379851d18be9625415726f6314edd527591ab83ed6041a7c62e3f626a3
------------------------------------
From: example@site.com
To: d e n 2 1 8 d e n @ b k . r u 
Регистрация
d3db81cbaa4a11d74641fd709173b3198af4b63e9da5a5e9f6e9b608415b5c3deb280535250f6927d042a7b89ede66d841ce0c10646236e555a47463cbc4c536
------------------------------------
From: example@site.com
To: d e n 2 1 8 d e n @ b k . r u 
Регистрация
1d53f45ec21f356111a5385467acfb5557df15271cea1661d26a95f6179825be85056d1a7cf5fcbf7c078771882f4debaf6db759a43e22ad212b0afee9065553
------------------------------------
From: example@site.com
To: k e k @ e x a m p l e . c o m 
Регистрация
c204773dc2592dd3e58a97a2b7af5b5a79c6b34973706071651d70bb39992cf9b8528e293ddf29cebe9f7e9e12f6ab7f3bfae3fe034f0ec6507b338246ef7354
------------------------------------
From: example@site.com
To: m e m e @ k e k . r u 
Регистрация
7d7b7dcfe27dbfc428ea397315d571d2392d0121416c3364abe5bab09ae25680c75b4ca92fa830c47faad47bea9fc4a6baeccfe2b28062d9faf968c25f8c09cb
------------------------------------
